[0.006s] Invoking command in '/home/sfx233/rm1/src/interfaces/build/interfaces': /usr/bin/cmake /home/sfx233/rm1/src/interfaces -DCATKIN_INSTALL_INTO_PREFIX_ROOT=0 -DCMAKE_INSTALL_PREFIX=/home/sfx233/rm1/src/interfaces/install/interfaces
[0.065s] -- The C compiler identification is GNU 11.4.0
[0.123s] -- The CXX compiler identification is GNU 11.4.0
[0.128s] -- Detecting C compiler ABI info
[0.196s] -- Detecting C compiler ABI info - done
[0.203s] -- Check for working C compiler: /usr/bin/cc - skipped
[0.203s] -- Detecting C compile features
[0.204s] -- Detecting C compile features - done
[0.206s] -- Detecting CXX compiler ABI info
[0.282s] -- Detecting CXX compiler ABI info - done
[0.289s] -- Check for working CXX compiler: /usr/bin/c++ - skipped
[0.289s] -- Detecting CXX compile features
[0.290s] -- Detecting CXX compile features - done
[0.292s] -- Found ament_cmake: 1.3.11 (/opt/ros/humble/share/ament_cmake/cmake)
[0.431s] -- Found Python3: /usr/bin/python3 (found version "3.10.12") found components: Interpreter 
[0.496s] -- Found rosidl_default_generators: 1.2.0 (/opt/ros/humble/share/rosidl_default_generators/cmake)
[0.499s] -- Using all available rosidl_typesupport_c: rosidl_typesupport_fastrtps_c;rosidl_typesupport_introspection_c
[0.503s] -- Found rosidl_adapter: 3.1.6 (/opt/ros/humble/share/rosidl_adapter/cmake)
[0.527s] -- Using all available rosidl_typesupport_cpp: rosidl_typesupport_fastrtps_cpp;rosidl_typesupport_introspection_cpp
[0.737s] -- Found ament_cmake_ros: 0.10.0 (/opt/ros/humble/share/ament_cmake_ros/cmake)
[0.884s] -- Using all available rosidl_typesupport_c: rosidl_typesupport_fastrtps_c;rosidl_typesupport_introspection_c
[1.073s] -- Using all available rosidl_typesupport_cpp: rosidl_typesupport_fastrtps_cpp;rosidl_typesupport_introspection_cpp
[1.089s] -- Found PythonInterp: /usr/bin/python3 (found suitable version "3.10.12", minimum required is "3.6") 
[1.090s] -- Found python_cmake_module: 0.10.0 (/opt/ros/humble/share/python_cmake_module/cmake)
[1.114s] -- Found PythonLibs: /usr/lib/x86_64-linux-gnu/libpython3.10.so (found suitable version "3.10.12", minimum required is "3.5") 
[1.114s] -- Using PYTHON_EXECUTABLE: /usr/bin/python3
[1.114s] -- Using PYTHON_INCLUDE_DIRS: /usr/include/python3.10
[1.114s] -- Using PYTHON_LIBRARIES: /usr/lib/x86_64-linux-gnu/libpython3.10.so
[1.133s] -- Found PythonExtra: .so  
[1.163s] -- Configuring done
[1.181s] -- Generating done
[1.182s] [33mCMake Warning:
[1.182s]   Manually-specified variables were not used by the project:
[1.182s] 
[1.182s]     CATKIN_INSTALL_INTO_PREFIX_ROOT
[1.182s] 
[1.182s] [0m
[1.187s] -- Build files have been written to: /home/sfx233/rm1/src/interfaces/build/interfaces
[1.191s] Invoked command in '/home/sfx233/rm1/src/interfaces/build/interfaces' returned '0': /usr/bin/cmake /home/sfx233/rm1/src/interfaces -DCATKIN_INSTALL_INTO_PREFIX_ROOT=0 -DCMAKE_INSTALL_PREFIX=/home/sfx233/rm1/src/interfaces/install/interfaces
[1.192s] Invoking command in '/home/sfx233/rm1/src/interfaces/build/interfaces': /usr/bin/cmake --build /home/sfx233/rm1/src/interfaces/build/interfaces -- -j24 -l24
[1.230s] [  2%] [34m[1mGenerating C code for ROS interfaces[0m
[1.243s] [  4%] [34m[1mGenerating C++ code for ROS interfaces[0m
[1.249s] [  4%] Built target ament_cmake_python_copy_interfaces
[1.380s] running egg_info
[1.380s] creating interfaces.egg-info
[1.380s] writing interfaces.egg-info/PKG-INFO
[1.381s] writing dependency_links to interfaces.egg-info/dependency_links.txt
[1.381s] writing top-level names to interfaces.egg-info/top_level.txt
[1.381s] writing manifest file 'interfaces.egg-info/SOURCES.txt'
[1.382s] reading manifest file 'interfaces.egg-info/SOURCES.txt'
[1.382s] writing manifest file 'interfaces.egg-info/SOURCES.txt'
[1.399s] [  4%] Built target ament_cmake_python_build_interfaces_egg
[1.465s] [  4%] Built target interfaces__cpp
[1.465s] [  6%] [32mBuilding C object CMakeFiles/interfaces__rosidl_generator_c.dir/rosidl_generator_c/interfaces/msg/detail/road_info__functions.c.o[0m
[1.467s] [  8%] [32mBuilding C object CMakeFiles/interfaces__rosidl_generator_c.dir/rosidl_generator_c/interfaces/msg/detail/overall_info__functions.c.o[0m
[1.467s] [ 10%] [32mBuilding C object CMakeFiles/interfaces__rosidl_generator_c.dir/rosidl_generator_c/interfaces/srv/detail/judge__functions.c.o[0m
[1.471s] [ 12%] [34m[1mGenerating C++ type support for eProsima Fast-RTPS[0m
[1.471s] [ 14%] [34m[1mGenerating C++ introspection for ROS interfaces[0m
[1.472s] [ 17%] [34m[1mGenerating C++ type support dispatch for ROS interfaces[0m
[1.506s] [ 19%] [32m[1mLinking C shared library libinterfaces__rosidl_generator_c.so[0m
[1.534s] [ 19%] Built target interfaces__rosidl_generator_c
[1.541s] [ 23%] [34m[1mGenerating C introspection for ROS interfaces[0m
[1.541s] [ 23%] [34m[1mGenerating C type support for eProsima Fast-RTPS[0m
[1.542s] [ 25%] [34m[1mGenerating C type support dispatch for ROS interfaces[0m
[1.646s] [ 27%] [32mBuilding CXX object CMakeFiles/interfaces__rosidl_typesupport_cpp.dir/rosidl_typesupport_cpp/interfaces/srv/judge__type_support.cpp.o[0m
[1.647s] [ 29%] [32mBuilding CXX object CMakeFiles/interfaces__rosidl_typesupport_cpp.dir/rosidl_typesupport_cpp/interfaces/msg/road_info__type_support.cpp.o[0m
[1.648s] [ 31%] [32mBuilding CXX object CMakeFiles/interfaces__rosidl_typesupport_cpp.dir/rosidl_typesupport_cpp/interfaces/msg/overall_info__type_support.cpp.o[0m
[1.660s] [ 34%] [32mBuilding CXX object CMakeFiles/interfaces__rosidl_typesupport_introspection_cpp.dir/rosidl_typesupport_introspection_cpp/interfaces/msg/detail/road_info__type_support.cpp.o[0m
[1.660s] [ 36%] [32mBuilding CXX object CMakeFiles/interfaces__rosidl_typesupport_introspection_cpp.dir/rosidl_typesupport_introspection_cpp/interfaces/msg/detail/overall_info__type_support.cpp.o[0m
[1.660s] [ 38%] [32mBuilding CXX object CMakeFiles/interfaces__rosidl_typesupport_introspection_cpp.dir/rosidl_typesupport_introspection_cpp/interfaces/srv/detail/judge__type_support.cpp.o[0m
[1.672s] [ 42%] [32mBuilding CXX object CMakeFiles/interfaces__rosidl_typesupport_fastrtps_cpp.dir/rosidl_typesupport_fastrtps_cpp/interfaces/msg/detail/dds_fastrtps/road_info__type_support.cpp.o[0m
[1.672s] [ 42%] [32mBuilding CXX object CMakeFiles/interfaces__rosidl_typesupport_fastrtps_cpp.dir/rosidl_typesupport_fastrtps_cpp/interfaces/msg/detail/dds_fastrtps/overall_info__type_support.cpp.o[0m
[1.673s] [ 44%] [32mBuilding CXX object CMakeFiles/interfaces__rosidl_typesupport_fastrtps_cpp.dir/rosidl_typesupport_fastrtps_cpp/interfaces/srv/detail/dds_fastrtps/judge__type_support.cpp.o[0m
[1.716s] [ 51%] [32mBuilding CXX object CMakeFiles/interfaces__rosidl_typesupport_c.dir/rosidl_typesupport_c/interfaces/srv/judge__type_support.cpp.o[0m
[1.716s] [ 51%] [32mBuilding CXX object CMakeFiles/interfaces__rosidl_typesupport_c.dir/rosidl_typesupport_c/interfaces/msg/overall_info__type_support.cpp.o[0m
[1.716s] [ 51%] [32mBuilding CXX object CMakeFiles/interfaces__rosidl_typesupport_c.dir/rosidl_typesupport_c/interfaces/msg/road_info__type_support.cpp.o[0m
[1.738s] [ 55%] [32mBuilding C object CMakeFiles/interfaces__rosidl_typesupport_introspection_c.dir/rosidl_typesupport_introspection_c/interfaces/srv/detail/judge__type_support.c.o[0m
[1.738s] [ 55%] [32mBuilding C object CMakeFiles/interfaces__rosidl_typesupport_introspection_c.dir/rosidl_typesupport_introspection_c/interfaces/msg/detail/overall_info__type_support.c.o[0m
[1.740s] [ 57%] [32mBuilding C object CMakeFiles/interfaces__rosidl_typesupport_introspection_c.dir/rosidl_typesupport_introspection_c/interfaces/msg/detail/road_info__type_support.c.o[0m
[1.742s] [ 59%] [32m[1mLinking CXX shared library libinterfaces__rosidl_typesupport_c.so[0m
[1.747s] [ 61%] [32mBuilding CXX object CMakeFiles/interfaces__rosidl_typesupport_fastrtps_c.dir/rosidl_typesupport_fastrtps_c/interfaces/msg/detail/road_info__type_support_c.cpp.o[0m
[1.747s] [ 63%] [32mBuilding CXX object CMakeFiles/interfaces__rosidl_typesupport_fastrtps_c.dir/rosidl_typesupport_fastrtps_c/interfaces/srv/detail/judge__type_support_c.cpp.o[0m
[1.749s] [ 65%] [32mBuilding CXX object CMakeFiles/interfaces__rosidl_typesupport_fastrtps_c.dir/rosidl_typesupport_fastrtps_c/interfaces/msg/detail/overall_info__type_support_c.cpp.o[0m
[1.769s] [ 68%] [32m[1mLinking C shared library libinterfaces__rosidl_typesupport_introspection_c.so[0m
[1.770s] [ 68%] Built target interfaces__rosidl_typesupport_c
[1.797s] [ 68%] Built target interfaces__rosidl_typesupport_introspection_c
[1.908s] [ 70%] [32m[1mLinking CXX shared library libinterfaces__rosidl_typesupport_cpp.so[0m
[1.940s] [ 70%] Built target interfaces__rosidl_typesupport_cpp
[1.966s] [ 72%] [32m[1mLinking CXX shared library libinterfaces__rosidl_typesupport_fastrtps_cpp.so[0m
[1.967s] [ 74%] [32m[1mLinking CXX shared library libinterfaces__rosidl_typesupport_fastrtps_c.so[0m
[1.970s] [ 76%] [32m[1mLinking CXX shared library libinterfaces__rosidl_typesupport_introspection_cpp.so[0m
[2.020s] [ 76%] Built target interfaces__rosidl_typesupport_fastrtps_c
[2.023s] [ 76%] Built target interfaces__rosidl_typesupport_introspection_cpp
[2.024s] [ 76%] Built target interfaces__rosidl_typesupport_fastrtps_cpp
[2.037s] [ 76%] Built target interfaces
[2.058s] [ 78%] [34m[1mGenerating Python code for ROS interfaces[0m
[2.370s] [ 78%] Built target interfaces__py
[2.385s] [ 80%] [32mBuilding C object CMakeFiles/interfaces__rosidl_generator_py.dir/rosidl_generator_py/interfaces/msg/_overall_info_s.c.o[0m
[2.386s] [ 82%] [32mBuilding C object CMakeFiles/interfaces__rosidl_generator_py.dir/rosidl_generator_py/interfaces/msg/_road_info_s.c.o[0m
[2.388s] [ 85%] [32mBuilding C object CMakeFiles/interfaces__rosidl_generator_py.dir/rosidl_generator_py/interfaces/srv/_judge_s.c.o[0m
[2.459s] [ 87%] [32m[1mLinking C shared library rosidl_generator_py/interfaces/libinterfaces__rosidl_generator_py.so[0m
[2.491s] [ 87%] Built target interfaces__rosidl_generator_py
[2.506s] [ 89%] [32mBuilding C object CMakeFiles/interfaces__rosidl_typesupport_c__pyext.dir/rosidl_generator_py/interfaces/_interfaces_s.ep.rosidl_typesupport_c.c.o[0m
[2.507s] [ 91%] [32mBuilding C object CMakeFiles/interfaces__rosidl_typesupport_introspection_c__pyext.dir/rosidl_generator_py/interfaces/_interfaces_s.ep.rosidl_typesupport_introspection_c.c.o[0m
[2.507s] [ 93%] [32mBuilding C object CMakeFiles/interfaces__rosidl_typesupport_fastrtps_c__pyext.dir/rosidl_generator_py/interfaces/_interfaces_s.ep.rosidl_typesupport_fastrtps_c.c.o[0m
[2.572s] [ 95%] [32m[1mLinking C shared library rosidl_generator_py/interfaces/interfaces_s__rosidl_typesupport_c.cpython-310-x86_64-linux-gnu.so[0m
[2.575s] [ 97%] [32m[1mLinking C shared library rosidl_generator_py/interfaces/interfaces_s__rosidl_typesupport_introspection_c.cpython-310-x86_64-linux-gnu.so[0m
[2.577s] [100%] [32m[1mLinking C shared library rosidl_generator_py/interfaces/interfaces_s__rosidl_typesupport_fastrtps_c.cpython-310-x86_64-linux-gnu.so[0m
[2.598s] [100%] Built target interfaces__rosidl_typesupport_c__pyext
[2.599s] [100%] Built target interfaces__rosidl_typesupport_introspection_c__pyext
[2.601s] [100%] Built target interfaces__rosidl_typesupport_fastrtps_c__pyext
[2.611s] Invoked command in '/home/sfx233/rm1/src/interfaces/build/interfaces' returned '0': /usr/bin/cmake --build /home/sfx233/rm1/src/interfaces/build/interfaces -- -j24 -l24
[2.620s] Invoking command in '/home/sfx233/rm1/src/interfaces/build/interfaces': /usr/bin/cmake --install /home/sfx233/rm1/src/interfaces/build/interfaces
[2.627s] -- Install configuration: ""
[2.627s] -- Installing: /home/sfx233/rm1/src/interfaces/install/interfaces/share/ament_index/resource_index/rosidl_interfaces/interfaces
[2.627s] -- Installing: /home/sfx233/rm1/src/interfaces/install/interfaces/include/interfaces/interfaces
[2.627s] -- Installing: /home/sfx233/rm1/src/interfaces/install/interfaces/include/interfaces/interfaces/msg
[2.627s] -- Installing: /home/sfx233/rm1/src/interfaces/install/interfaces/include/interfaces/interfaces/msg/rosidl_generator_c__visibility_control.h
[2.627s] -- Installing: /home/sfx233/rm1/src/interfaces/install/interfaces/include/interfaces/interfaces/msg/overall_info.h
[2.628s] -- Installing: /home/sfx233/rm1/src/interfaces/install/interfaces/include/interfaces/interfaces/msg/detail
[2.628s] -- Installing: /home/sfx233/rm1/src/interfaces/install/interfaces/include/interfaces/interfaces/msg/detail/overall_info__struct.h
[2.628s] -- Installing: /home/sfx233/rm1/src/interfaces/install/interfaces/include/interfaces/interfaces/msg/detail/road_info__struct.h
[2.628s] -- Installing: /home/sfx233/rm1/src/interfaces/install/interfaces/include/interfaces/interfaces/msg/detail/overall_info__functions.c
[2.628s] -- Installing: /home/sfx233/rm1/src/interfaces/install/interfaces/include/interfaces/interfaces/msg/detail/road_info__functions.c
[2.628s] -- Installing: /home/sfx233/rm1/src/interfaces/install/interfaces/include/interfaces/interfaces/msg/detail/overall_info__type_support.h
[2.628s] -- Installing: /home/sfx233/rm1/src/interfaces/install/interfaces/include/interfaces/interfaces/msg/detail/road_info__functions.h
[2.628s] -- Installing: /home/sfx233/rm1/src/interfaces/install/interfaces/include/interfaces/interfaces/msg/detail/overall_info__functions.h
[2.628s] -- Installing: /home/sfx233/rm1/src/interfaces/install/interfaces/include/interfaces/interfaces/msg/detail/road_info__type_support.h
[2.628s] -- Installing: /home/sfx233/rm1/src/interfaces/install/interfaces/include/interfaces/interfaces/msg/road_info.h
[2.628s] -- Installing: /home/sfx233/rm1/src/interfaces/install/interfaces/include/interfaces/interfaces/srv
[2.628s] -- Installing: /home/sfx233/rm1/src/interfaces/install/interfaces/include/interfaces/interfaces/srv/judge.h
[2.628s] -- Installing: /home/sfx233/rm1/src/interfaces/install/interfaces/include/interfaces/interfaces/srv/detail
[2.628s] -- Installing: /home/sfx233/rm1/src/interfaces/install/interfaces/include/interfaces/interfaces/srv/detail/judge__struct.h
[2.628s] -- Installing: /home/sfx233/rm1/src/interfaces/install/interfaces/include/interfaces/interfaces/srv/detail/judge__functions.h
[2.628s] -- Installing: /home/sfx233/rm1/src/interfaces/install/interfaces/include/interfaces/interfaces/srv/detail/judge__type_support.h
[2.628s] -- Installing: /home/sfx233/rm1/src/interfaces/install/interfaces/include/interfaces/interfaces/srv/detail/judge__functions.c
[2.628s] -- Installing: /home/sfx233/rm1/src/interfaces/install/interfaces/share/interfaces/environment/library_path.sh
[2.628s] -- Installing: /home/sfx233/rm1/src/interfaces/install/interfaces/share/interfaces/environment/library_path.dsv
[2.628s] -- Installing: /home/sfx233/rm1/src/interfaces/install/interfaces/lib/libinterfaces__rosidl_generator_c.so
[2.628s] -- Set runtime path of "/home/sfx233/rm1/src/interfaces/install/interfaces/lib/libinterfaces__rosidl_generator_c.so" to ""
[2.628s] -- Up-to-date: /home/sfx233/rm1/src/interfaces/install/interfaces/include/interfaces/interfaces
[2.628s] -- Up-to-date: /home/sfx233/rm1/src/interfaces/install/interfaces/include/interfaces/interfaces/msg
[2.628s] -- Installing: /home/sfx233/rm1/src/interfaces/install/interfaces/include/interfaces/interfaces/msg/rosidl_typesupport_fastrtps_c__visibility_control.h
[2.628s] -- Up-to-date: /home/sfx233/rm1/src/interfaces/install/interfaces/include/interfaces/interfaces/msg/detail
[2.629s] -- Installing: /home/sfx233/rm1/src/interfaces/install/interfaces/include/interfaces/interfaces/msg/detail/overall_info__rosidl_typesupport_fastrtps_c.h
[2.629s] -- Installing: /home/sfx233/rm1/src/interfaces/install/interfaces/include/interfaces/interfaces/msg/detail/road_info__rosidl_typesupport_fastrtps_c.h
[2.629s] -- Up-to-date: /home/sfx233/rm1/src/interfaces/install/interfaces/include/interfaces/interfaces/srv
[2.629s] -- Up-to-date: /home/sfx233/rm1/src/interfaces/install/interfaces/include/interfaces/interfaces/srv/detail
[2.629s] -- Installing: /home/sfx233/rm1/src/interfaces/install/interfaces/include/interfaces/interfaces/srv/detail/judge__rosidl_typesupport_fastrtps_c.h
[2.629s] -- Installing: /home/sfx233/rm1/src/interfaces/install/interfaces/lib/libinterfaces__rosidl_typesupport_fastrtps_c.so
[2.629s] -- Set runtime path of "/home/sfx233/rm1/src/interfaces/install/interfaces/lib/libinterfaces__rosidl_typesupport_fastrtps_c.so" to ""
[2.629s] -- Up-to-date: /home/sfx233/rm1/src/interfaces/install/interfaces/include/interfaces/interfaces
[2.629s] -- Up-to-date: /home/sfx233/rm1/src/interfaces/install/interfaces/include/interfaces/interfaces/msg
[2.629s] -- Up-to-date: /home/sfx233/rm1/src/interfaces/install/interfaces/include/interfaces/interfaces/msg/detail
[2.629s] -- Installing: /home/sfx233/rm1/src/interfaces/install/interfaces/include/interfaces/interfaces/msg/detail/overall_info__type_support.c
[2.629s] -- Installing: /home/sfx233/rm1/src/interfaces/install/interfaces/include/interfaces/interfaces/msg/detail/road_info__rosidl_typesupport_introspection_c.h
[2.629s] -- Installing: /home/sfx233/rm1/src/interfaces/install/interfaces/include/interfaces/interfaces/msg/detail/road_info__type_support.c
[2.629s] -- Installing: /home/sfx233/rm1/src/interfaces/install/interfaces/include/interfaces/interfaces/msg/detail/overall_info__rosidl_typesupport_introspection_c.h
[2.629s] -- Installing: /home/sfx233/rm1/src/interfaces/install/interfaces/include/interfaces/interfaces/msg/rosidl_typesupport_introspection_c__visibility_control.h
[2.629s] -- Up-to-date: /home/sfx233/rm1/src/interfaces/install/interfaces/include/interfaces/interfaces/srv
[2.629s] -- Up-to-date: /home/sfx233/rm1/src/interfaces/install/interfaces/include/interfaces/interfaces/srv/detail
[2.629s] -- Installing: /home/sfx233/rm1/src/interfaces/install/interfaces/include/interfaces/interfaces/srv/detail/judge__rosidl_typesupport_introspection_c.h
[2.629s] -- Installing: /home/sfx233/rm1/src/interfaces/install/interfaces/include/interfaces/interfaces/srv/detail/judge__type_support.c
[2.629s] -- Installing: /home/sfx233/rm1/src/interfaces/install/interfaces/lib/libinterfaces__rosidl_typesupport_introspection_c.so
[2.629s] -- Set runtime path of "/home/sfx233/rm1/src/interfaces/install/interfaces/lib/libinterfaces__rosidl_typesupport_introspection_c.so" to ""
[2.629s] -- Installing: /home/sfx233/rm1/src/interfaces/install/interfaces/lib/libinterfaces__rosidl_typesupport_c.so
[2.629s] -- Set runtime path of "/home/sfx233/rm1/src/interfaces/install/interfaces/lib/libinterfaces__rosidl_typesupport_c.so" to ""
[2.629s] -- Up-to-date: /home/sfx233/rm1/src/interfaces/install/interfaces/include/interfaces/interfaces
[2.629s] -- Up-to-date: /home/sfx233/rm1/src/interfaces/install/interfaces/include/interfaces/interfaces/msg
[2.629s] -- Installing: /home/sfx233/rm1/src/interfaces/install/interfaces/include/interfaces/interfaces/msg/road_info.hpp
[2.629s] -- Up-to-date: /home/sfx233/rm1/src/interfaces/install/interfaces/include/interfaces/interfaces/msg/detail
[2.629s] -- Installing: /home/sfx233/rm1/src/interfaces/install/interfaces/include/interfaces/interfaces/msg/detail/road_info__type_support.hpp
[2.630s] -- Installing: /home/sfx233/rm1/src/interfaces/install/interfaces/include/interfaces/interfaces/msg/detail/overall_info__builder.hpp
[2.630s] -- Installing: /home/sfx233/rm1/src/interfaces/install/interfaces/include/interfaces/interfaces/msg/detail/road_info__builder.hpp
[2.630s] -- Installing: /home/sfx233/rm1/src/interfaces/install/interfaces/include/interfaces/interfaces/msg/detail/overall_info__type_support.hpp
[2.630s] -- Installing: /home/sfx233/rm1/src/interfaces/install/interfaces/include/interfaces/interfaces/msg/detail/road_info__struct.hpp
[2.630s] -- Installing: /home/sfx233/rm1/src/interfaces/install/interfaces/include/interfaces/interfaces/msg/detail/road_info__traits.hpp
[2.630s] -- Installing: /home/sfx233/rm1/src/interfaces/install/interfaces/include/interfaces/interfaces/msg/detail/overall_info__struct.hpp
[2.630s] -- Installing: /home/sfx233/rm1/src/interfaces/install/interfaces/include/interfaces/interfaces/msg/detail/overall_info__traits.hpp
[2.630s] -- Installing: /home/sfx233/rm1/src/interfaces/install/interfaces/include/interfaces/interfaces/msg/overall_info.hpp
[2.630s] -- Installing: /home/sfx233/rm1/src/interfaces/install/interfaces/include/interfaces/interfaces/msg/rosidl_generator_cpp__visibility_control.hpp
[2.630s] -- Up-to-date: /home/sfx233/rm1/src/interfaces/install/interfaces/include/interfaces/interfaces/srv
[2.630s] -- Installing: /home/sfx233/rm1/src/interfaces/install/interfaces/include/interfaces/interfaces/srv/judge.hpp
[2.630s] -- Up-to-date: /home/sfx233/rm1/src/interfaces/install/interfaces/include/interfaces/interfaces/srv/detail
[2.630s] -- Installing: /home/sfx233/rm1/src/interfaces/install/interfaces/include/interfaces/interfaces/srv/detail/judge__type_support.hpp
[2.630s] -- Installing: /home/sfx233/rm1/src/interfaces/install/interfaces/include/interfaces/interfaces/srv/detail/judge__traits.hpp
[2.630s] -- Installing: /home/sfx233/rm1/src/interfaces/install/interfaces/include/interfaces/interfaces/srv/detail/judge__builder.hpp
[2.630s] -- Installing: /home/sfx233/rm1/src/interfaces/install/interfaces/include/interfaces/interfaces/srv/detail/judge__struct.hpp
[2.630s] -- Up-to-date: /home/sfx233/rm1/src/interfaces/install/interfaces/include/interfaces/interfaces
[2.630s] -- Up-to-date: /home/sfx233/rm1/src/interfaces/install/interfaces/include/interfaces/interfaces/msg
[2.630s] -- Installing: /home/sfx233/rm1/src/interfaces/install/interfaces/include/interfaces/interfaces/msg/rosidl_typesupport_fastrtps_cpp__visibility_control.h
[2.630s] -- Up-to-date: /home/sfx233/rm1/src/interfaces/install/interfaces/include/interfaces/interfaces/msg/detail
[2.630s] -- Installing: /home/sfx233/rm1/src/interfaces/install/interfaces/include/interfaces/interfaces/msg/detail/road_info__rosidl_typesupport_fastrtps_cpp.hpp
[2.630s] -- Installing: /home/sfx233/rm1/src/interfaces/install/interfaces/include/interfaces/interfaces/msg/detail/overall_info__rosidl_typesupport_fastrtps_cpp.hpp
[2.630s] -- Installing: /home/sfx233/rm1/src/interfaces/install/interfaces/include/interfaces/interfaces/msg/detail/dds_fastrtps
[2.630s] -- Up-to-date: /home/sfx233/rm1/src/interfaces/install/interfaces/include/interfaces/interfaces/srv
[2.630s] -- Up-to-date: /home/sfx233/rm1/src/interfaces/install/interfaces/include/interfaces/interfaces/srv/detail
[2.630s] -- Installing: /home/sfx233/rm1/src/interfaces/install/interfaces/include/interfaces/interfaces/srv/detail/dds_fastrtps
[2.630s] -- Installing: /home/sfx233/rm1/src/interfaces/install/interfaces/include/interfaces/interfaces/srv/detail/judge__rosidl_typesupport_fastrtps_cpp.hpp
[2.630s] -- Installing: /home/sfx233/rm1/src/interfaces/install/interfaces/lib/libinterfaces__rosidl_typesupport_fastrtps_cpp.so
[2.631s] -- Set runtime path of "/home/sfx233/rm1/src/interfaces/install/interfaces/lib/libinterfaces__rosidl_typesupport_fastrtps_cpp.so" to ""
[2.631s] -- Up-to-date: /home/sfx233/rm1/src/interfaces/install/interfaces/include/interfaces/interfaces
[2.631s] -- Up-to-date: /home/sfx233/rm1/src/interfaces/install/interfaces/include/interfaces/interfaces/msg
[2.631s] -- Up-to-date: /home/sfx233/rm1/src/interfaces/install/interfaces/include/interfaces/interfaces/msg/detail
[2.631s] -- Installing: /home/sfx233/rm1/src/interfaces/install/interfaces/include/interfaces/interfaces/msg/detail/overall_info__type_support.cpp
[2.631s] -- Installing: /home/sfx233/rm1/src/interfaces/install/interfaces/include/interfaces/interfaces/msg/detail/road_info__type_support.cpp
[2.631s] -- Installing: /home/sfx233/rm1/src/interfaces/install/interfaces/include/interfaces/interfaces/msg/detail/overall_info__rosidl_typesupport_introspection_cpp.hpp
[2.631s] -- Installing: /home/sfx233/rm1/src/interfaces/install/interfaces/include/interfaces/interfaces/msg/detail/road_info__rosidl_typesupport_introspection_cpp.hpp
[2.631s] -- Up-to-date: /home/sfx233/rm1/src/interfaces/install/interfaces/include/interfaces/interfaces/srv
[2.631s] -- Up-to-date: /home/sfx233/rm1/src/interfaces/install/interfaces/include/interfaces/interfaces/srv/detail
[2.631s] -- Installing: /home/sfx233/rm1/src/interfaces/install/interfaces/include/interfaces/interfaces/srv/detail/judge__rosidl_typesupport_introspection_cpp.hpp
[2.631s] -- Installing: /home/sfx233/rm1/src/interfaces/install/interfaces/include/interfaces/interfaces/srv/detail/judge__type_support.cpp
[2.631s] -- Installing: /home/sfx233/rm1/src/interfaces/install/interfaces/lib/libinterfaces__rosidl_typesupport_introspection_cpp.so
[2.631s] -- Set runtime path of "/home/sfx233/rm1/src/interfaces/install/interfaces/lib/libinterfaces__rosidl_typesupport_introspection_cpp.so" to ""
[2.631s] -- Installing: /home/sfx233/rm1/src/interfaces/install/interfaces/lib/libinterfaces__rosidl_typesupport_cpp.so
[2.631s] -- Set runtime path of "/home/sfx233/rm1/src/interfaces/install/interfaces/lib/libinterfaces__rosidl_typesupport_cpp.so" to ""
[2.631s] -- Installing: /home/sfx233/rm1/src/interfaces/install/interfaces/share/interfaces/environment/pythonpath.sh
[2.631s] -- Installing: /home/sfx233/rm1/src/interfaces/install/interfaces/share/interfaces/environment/pythonpath.dsv
[2.631s] -- Installing: /home/sfx233/rm1/src/interfaces/install/interfaces/local/lib/python3.10/dist-packages/interfaces-0.0.0-py3.10.egg-info
[2.631s] -- Installing: /home/sfx233/rm1/src/interfaces/install/interfaces/local/lib/python3.10/dist-packages/interfaces-0.0.0-py3.10.egg-info/top_level.txt
[2.631s] -- Installing: /home/sfx233/rm1/src/interfaces/install/interfaces/local/lib/python3.10/dist-packages/interfaces-0.0.0-py3.10.egg-info/PKG-INFO
[2.631s] -- Installing: /home/sfx233/rm1/src/interfaces/install/interfaces/local/lib/python3.10/dist-packages/interfaces-0.0.0-py3.10.egg-info/dependency_links.txt
[2.631s] -- Installing: /home/sfx233/rm1/src/interfaces/install/interfaces/local/lib/python3.10/dist-packages/interfaces-0.0.0-py3.10.egg-info/SOURCES.txt
[2.631s] -- Installing: /home/sfx233/rm1/src/interfaces/install/interfaces/local/lib/python3.10/dist-packages/interfaces
[2.631s] -- Installing: /home/sfx233/rm1/src/interfaces/install/interfaces/local/lib/python3.10/dist-packages/interfaces/__init__.py
[2.632s] -- Installing: /home/sfx233/rm1/src/interfaces/install/interfaces/local/lib/python3.10/dist-packages/interfaces/interfaces_s__rosidl_typesupport_fastrtps_c.cpython-310-x86_64-linux-gnu.so
[2.632s] -- Installing: /home/sfx233/rm1/src/interfaces/install/interfaces/local/lib/python3.10/dist-packages/interfaces/_interfaces_s.ep.rosidl_typesupport_introspection_c.c
[2.632s] -- Installing: /home/sfx233/rm1/src/interfaces/install/interfaces/local/lib/python3.10/dist-packages/interfaces/msg
[2.632s] -- Installing: /home/sfx233/rm1/src/interfaces/install/interfaces/local/lib/python3.10/dist-packages/interfaces/msg/__init__.py
[2.632s] -- Installing: /home/sfx233/rm1/src/interfaces/install/interfaces/local/lib/python3.10/dist-packages/interfaces/msg/_overall_info.py
[2.632s] -- Installing: /home/sfx233/rm1/src/interfaces/install/interfaces/local/lib/python3.10/dist-packages/interfaces/msg/_overall_info_s.c
[2.632s] -- Installing: /home/sfx233/rm1/src/interfaces/install/interfaces/local/lib/python3.10/dist-packages/interfaces/msg/_road_info_s.c
[2.632s] -- Installing: /home/sfx233/rm1/src/interfaces/install/interfaces/local/lib/python3.10/dist-packages/interfaces/msg/_road_info.py
[2.632s] -- Installing: /home/sfx233/rm1/src/interfaces/install/interfaces/local/lib/python3.10/dist-packages/interfaces/interfaces_s__rosidl_typesupport_introspection_c.cpython-310-x86_64-linux-gnu.so
[2.632s] -- Installing: /home/sfx233/rm1/src/interfaces/install/interfaces/local/lib/python3.10/dist-packages/interfaces/srv
[2.632s] -- Installing: /home/sfx233/rm1/src/interfaces/install/interfaces/local/lib/python3.10/dist-packages/interfaces/srv/_judge_s.c
[2.632s] -- Installing: /home/sfx233/rm1/src/interfaces/install/interfaces/local/lib/python3.10/dist-packages/interfaces/srv/__init__.py
[2.632s] -- Installing: /home/sfx233/rm1/src/interfaces/install/interfaces/local/lib/python3.10/dist-packages/interfaces/srv/_judge.py
[2.632s] -- Installing: /home/sfx233/rm1/src/interfaces/install/interfaces/local/lib/python3.10/dist-packages/interfaces/interfaces_s__rosidl_typesupport_c.cpython-310-x86_64-linux-gnu.so
[2.632s] -- Installing: /home/sfx233/rm1/src/interfaces/install/interfaces/local/lib/python3.10/dist-packages/interfaces/_interfaces_s.ep.rosidl_typesupport_c.c
[2.632s] -- Installing: /home/sfx233/rm1/src/interfaces/install/interfaces/local/lib/python3.10/dist-packages/interfaces/_interfaces_s.ep.rosidl_typesupport_fastrtps_c.c
[2.632s] -- Installing: /home/sfx233/rm1/src/interfaces/install/interfaces/local/lib/python3.10/dist-packages/interfaces/libinterfaces__rosidl_generator_py.so
[2.666s] Listing '/home/sfx233/rm1/src/interfaces/install/interfaces/local/lib/python3.10/dist-packages/interfaces'...
[2.666s] Compiling '/home/sfx233/rm1/src/interfaces/install/interfaces/local/lib/python3.10/dist-packages/interfaces/__init__.py'...
[2.667s] Listing '/home/sfx233/rm1/src/interfaces/install/interfaces/local/lib/python3.10/dist-packages/interfaces/msg'...
[2.667s] Compiling '/home/sfx233/rm1/src/interfaces/install/interfaces/local/lib/python3.10/dist-packages/interfaces/msg/__init__.py'...
[2.667s] Compiling '/home/sfx233/rm1/src/interfaces/install/interfaces/local/lib/python3.10/dist-packages/interfaces/msg/_overall_info.py'...
[2.667s] Compiling '/home/sfx233/rm1/src/interfaces/install/interfaces/local/lib/python3.10/dist-packages/interfaces/msg/_road_info.py'...
[2.667s] Listing '/home/sfx233/rm1/src/interfaces/install/interfaces/local/lib/python3.10/dist-packages/interfaces/srv'...
[2.667s] Compiling '/home/sfx233/rm1/src/interfaces/install/interfaces/local/lib/python3.10/dist-packages/interfaces/srv/__init__.py'...
[2.667s] Compiling '/home/sfx233/rm1/src/interfaces/install/interfaces/local/lib/python3.10/dist-packages/interfaces/srv/_judge.py'...
[2.670s] -- Installing: /home/sfx233/rm1/src/interfaces/install/interfaces/local/lib/python3.10/dist-packages/interfaces/interfaces_s__rosidl_typesupport_fastrtps_c.cpython-310-x86_64-linux-gnu.so
[2.670s] -- Set runtime path of "/home/sfx233/rm1/src/interfaces/install/interfaces/local/lib/python3.10/dist-packages/interfaces/interfaces_s__rosidl_typesupport_fastrtps_c.cpython-310-x86_64-linux-gnu.so" to ""
[2.670s] -- Installing: /home/sfx233/rm1/src/interfaces/install/interfaces/local/lib/python3.10/dist-packages/interfaces/interfaces_s__rosidl_typesupport_introspection_c.cpython-310-x86_64-linux-gnu.so
[2.670s] -- Set runtime path of "/home/sfx233/rm1/src/interfaces/install/interfaces/local/lib/python3.10/dist-packages/interfaces/interfaces_s__rosidl_typesupport_introspection_c.cpython-310-x86_64-linux-gnu.so" to ""
[2.670s] -- Installing: /home/sfx233/rm1/src/interfaces/install/interfaces/local/lib/python3.10/dist-packages/interfaces/interfaces_s__rosidl_typesupport_c.cpython-310-x86_64-linux-gnu.so
[2.670s] -- Set runtime path of "/home/sfx233/rm1/src/interfaces/install/interfaces/local/lib/python3.10/dist-packages/interfaces/interfaces_s__rosidl_typesupport_c.cpython-310-x86_64-linux-gnu.so" to ""
[2.670s] -- Installing: /home/sfx233/rm1/src/interfaces/install/interfaces/lib/libinterfaces__rosidl_generator_py.so
[2.670s] -- Set runtime path of "/home/sfx233/rm1/src/interfaces/install/interfaces/lib/libinterfaces__rosidl_generator_py.so" to ""
[2.670s] -- Installing: /home/sfx233/rm1/src/interfaces/install/interfaces/share/interfaces/msg/RoadInfo.idl
[2.671s] -- Installing: /home/sfx233/rm1/src/interfaces/install/interfaces/share/interfaces/msg/OverallInfo.idl
[2.671s] -- Installing: /home/sfx233/rm1/src/interfaces/install/interfaces/share/interfaces/srv/Judge.idl
[2.671s] -- Installing: /home/sfx233/rm1/src/interfaces/install/interfaces/share/interfaces/msg/RoadInfo.msg
[2.671s] -- Installing: /home/sfx233/rm1/src/interfaces/install/interfaces/share/interfaces/msg/OverallInfo.msg
[2.671s] -- Installing: /home/sfx233/rm1/src/interfaces/install/interfaces/share/interfaces/srv/Judge.srv
[2.671s] -- Installing: /home/sfx233/rm1/src/interfaces/install/interfaces/share/interfaces/srv/Judge_Request.msg
[2.671s] -- Installing: /home/sfx233/rm1/src/interfaces/install/interfaces/share/interfaces/srv/Judge_Response.msg
[2.671s] -- Up-to-date: /home/sfx233/rm1/src/interfaces/install/interfaces/share/interfaces/msg
[2.671s] -- Up-to-date: /home/sfx233/rm1/src/interfaces/install/interfaces/share/interfaces/msg/OverallInfo.msg
[2.671s] -- Up-to-date: /home/sfx233/rm1/src/interfaces/install/interfaces/share/interfaces/msg/RoadInfo.msg
[2.671s] -- Up-to-date: /home/sfx233/rm1/src/interfaces/install/interfaces/share/interfaces/srv
[2.671s] -- Up-to-date: /home/sfx233/rm1/src/interfaces/install/interfaces/share/interfaces/srv/Judge.srv
[2.671s] -- Installing: /home/sfx233/rm1/src/interfaces/install/interfaces/share/ament_index/resource_index/package_run_dependencies/interfaces
[2.671s] -- Installing: /home/sfx233/rm1/src/interfaces/install/interfaces/share/ament_index/resource_index/parent_prefix_path/interfaces
[2.671s] -- Installing: /home/sfx233/rm1/src/interfaces/install/interfaces/share/interfaces/environment/ament_prefix_path.sh
[2.671s] -- Installing: /home/sfx233/rm1/src/interfaces/install/interfaces/share/interfaces/environment/ament_prefix_path.dsv
[2.671s] -- Installing: /home/sfx233/rm1/src/interfaces/install/interfaces/share/interfaces/environment/path.sh
[2.671s] -- Installing: /home/sfx233/rm1/src/interfaces/install/interfaces/share/interfaces/environment/path.dsv
[2.671s] -- Installing: /home/sfx233/rm1/src/interfaces/install/interfaces/share/interfaces/local_setup.bash
[2.671s] -- Installing: /home/sfx233/rm1/src/interfaces/install/interfaces/share/interfaces/local_setup.sh
[2.671s] -- Installing: /home/sfx233/rm1/src/interfaces/install/interfaces/share/interfaces/local_setup.zsh
[2.671s] -- Installing: /home/sfx233/rm1/src/interfaces/install/interfaces/share/interfaces/local_setup.dsv
[2.671s] -- Installing: /home/sfx233/rm1/src/interfaces/install/interfaces/share/interfaces/package.dsv
[2.671s] -- Installing: /home/sfx233/rm1/src/interfaces/install/interfaces/share/ament_index/resource_index/packages/interfaces
[2.671s] -- Installing: /home/sfx233/rm1/src/interfaces/install/interfaces/share/interfaces/cmake/export_interfaces__rosidl_generator_cExport.cmake
[2.671s] -- Installing: /home/sfx233/rm1/src/interfaces/install/interfaces/share/interfaces/cmake/export_interfaces__rosidl_generator_cExport-noconfig.cmake
[2.671s] -- Installing: /home/sfx233/rm1/src/interfaces/install/interfaces/share/interfaces/cmake/export_interfaces__rosidl_typesupport_fastrtps_cExport.cmake
[2.672s] -- Installing: /home/sfx233/rm1/src/interfaces/install/interfaces/share/interfaces/cmake/export_interfaces__rosidl_typesupport_fastrtps_cExport-noconfig.cmake
[2.672s] -- Installing: /home/sfx233/rm1/src/interfaces/install/interfaces/share/interfaces/cmake/interfaces__rosidl_typesupport_introspection_cExport.cmake
[2.672s] -- Installing: /home/sfx233/rm1/src/interfaces/install/interfaces/share/interfaces/cmake/interfaces__rosidl_typesupport_introspection_cExport-noconfig.cmake
[2.672s] -- Installing: /home/sfx233/rm1/src/interfaces/install/interfaces/share/interfaces/cmake/interfaces__rosidl_typesupport_cExport.cmake
[2.672s] -- Installing: /home/sfx233/rm1/src/interfaces/install/interfaces/share/interfaces/cmake/interfaces__rosidl_typesupport_cExport-noconfig.cmake
[2.672s] -- Installing: /home/sfx233/rm1/src/interfaces/install/interfaces/share/interfaces/cmake/export_interfaces__rosidl_generator_cppExport.cmake
[2.672s] -- Installing: /home/sfx233/rm1/src/interfaces/install/interfaces/share/interfaces/cmake/export_interfaces__rosidl_typesupport_fastrtps_cppExport.cmake
[2.672s] -- Installing: /home/sfx233/rm1/src/interfaces/install/interfaces/share/interfaces/cmake/export_interfaces__rosidl_typesupport_fastrtps_cppExport-noconfig.cmake
[2.672s] -- Installing: /home/sfx233/rm1/src/interfaces/install/interfaces/share/interfaces/cmake/interfaces__rosidl_typesupport_introspection_cppExport.cmake
[2.672s] -- Installing: /home/sfx233/rm1/src/interfaces/install/interfaces/share/interfaces/cmake/interfaces__rosidl_typesupport_introspection_cppExport-noconfig.cmake
[2.672s] -- Installing: /home/sfx233/rm1/src/interfaces/install/interfaces/share/interfaces/cmake/interfaces__rosidl_typesupport_cppExport.cmake
[2.672s] -- Installing: /home/sfx233/rm1/src/interfaces/install/interfaces/share/interfaces/cmake/interfaces__rosidl_typesupport_cppExport-noconfig.cmake
[2.672s] -- Installing: /home/sfx233/rm1/src/interfaces/install/interfaces/share/interfaces/cmake/export_interfaces__rosidl_generator_pyExport.cmake
[2.672s] -- Installing: /home/sfx233/rm1/src/interfaces/install/interfaces/share/interfaces/cmake/export_interfaces__rosidl_generator_pyExport-noconfig.cmake
[2.672s] -- Installing: /home/sfx233/rm1/src/interfaces/install/interfaces/share/interfaces/cmake/rosidl_cmake-extras.cmake
[2.672s] -- Installing: /home/sfx233/rm1/src/interfaces/install/interfaces/share/interfaces/cmake/ament_cmake_export_include_directories-extras.cmake
[2.672s] -- Installing: /home/sfx233/rm1/src/interfaces/install/interfaces/share/interfaces/cmake/ament_cmake_export_libraries-extras.cmake
[2.672s] -- Installing: /home/sfx233/rm1/src/interfaces/install/interfaces/share/interfaces/cmake/ament_cmake_export_targets-extras.cmake
[2.672s] -- Installing: /home/sfx233/rm1/src/interfaces/install/interfaces/share/interfaces/cmake/rosidl_cmake_export_typesupport_targets-extras.cmake
[2.672s] -- Installing: /home/sfx233/rm1/src/interfaces/install/interfaces/share/interfaces/cmake/ament_cmake_export_dependencies-extras.cmake
[2.673s] -- Installing: /home/sfx233/rm1/src/interfaces/install/interfaces/share/interfaces/cmake/rosidl_cmake_export_typesupport_libraries-extras.cmake
[2.673s] -- Installing: /home/sfx233/rm1/src/interfaces/install/interfaces/share/interfaces/cmake/interfacesConfig.cmake
[2.673s] -- Installing: /home/sfx233/rm1/src/interfaces/install/interfaces/share/interfaces/cmake/interfacesConfig-version.cmake
[2.673s] -- Installing: /home/sfx233/rm1/src/interfaces/install/interfaces/share/interfaces/package.xml
[2.674s] Invoked command in '/home/sfx233/rm1/src/interfaces/build/interfaces' returned '0': /usr/bin/cmake --install /home/sfx233/rm1/src/interfaces/build/interfaces
