[35m[1mConsolidate compiler generated dependencies of target transportation_hub__rosidl_generator_c[0m
[  2%] Built target transportation_hub__cpp
[  4%] [32mBuilding CXX object CMakeFiles/transportation_hub_node.dir/src/transportation_hub_node.cpp.o[0m
[ 14%] Built target transportation_hub__rosidl_generator_c
[ 14%] Built target ament_cmake_python_symlink_transportation_hub
[ 16%] [34m[1mGenerating C++ introspection for ROS interfaces[0m
[ 18%] [34m[1mGenerating C++ type support dispatch for ROS interfaces[0m
[ 20%] [34m[1mGenerating C++ type support for eProsima Fast-RTPS[0m
[ 22%] [34m[1mGenerating C type support dispatch for ROS interfaces[0m
[ 24%] [34m[1mGenerating C type support for eProsima Fast-RTPS[0m
[ 26%] [34m[1mGenerating C introspection for ROS interfaces[0m
running egg_info
writing transportation_hub.egg-info/PKG-INFO
writing dependency_links to transportation_hub.egg-info/dependency_links.txt
writing top-level names to transportation_hub.egg-info/top_level.txt
reading manifest file 'transportation_hub.egg-info/SOURCES.txt'
writing manifest file 'transportation_hub.egg-info/SOURCES.txt'
[ 26%] Built target ament_cmake_python_build_transportation_hub_egg
[ 30%] [32mBuilding CXX object CMakeFiles/transportation_hub__rosidl_typesupport_cpp.dir/rosidl_typesupport_cpp/transportation_hub/srv/judge__type_support.cpp.o[0m
[ 30%] [32mBuilding CXX object CMakeFiles/transportation_hub__rosidl_typesupport_cpp.dir/rosidl_typesupport_cpp/transportation_hub/msg/overall_info__type_support.cpp.o[0m
[ 32%] [32mBuilding CXX object CMakeFiles/transportation_hub__rosidl_typesupport_c.dir/rosidl_typesupport_c/transportation_hub/srv/judge__type_support.cpp.o[0m
[ 34%] [32mBuilding CXX object CMakeFiles/transportation_hub__rosidl_typesupport_cpp.dir/rosidl_typesupport_cpp/transportation_hub/msg/road_info__type_support.cpp.o[0m
[ 36%] [32mBuilding CXX object CMakeFiles/transportation_hub__rosidl_typesupport_c.dir/rosidl_typesupport_c/transportation_hub/msg/road_info__type_support.cpp.o[0m
[ 38%] [32mBuilding CXX object CMakeFiles/transportation_hub__rosidl_typesupport_c.dir/rosidl_typesupport_c/transportation_hub/msg/overall_info__type_support.cpp.o[0m
[ 40%] [32mBuilding CXX object CMakeFiles/transportation_hub__rosidl_typesupport_introspection_cpp.dir/rosidl_typesupport_introspection_cpp/transportation_hub/msg/detail/overall_info__type_support.cpp.o[0m
[ 42%] [32mBuilding CXX object CMakeFiles/transportation_hub__rosidl_typesupport_introspection_cpp.dir/rosidl_typesupport_introspection_cpp/transportation_hub/srv/detail/judge__type_support.cpp.o[0m
[ 44%] [32mBuilding CXX object CMakeFiles/transportation_hub__rosidl_typesupport_introspection_cpp.dir/rosidl_typesupport_introspection_cpp/transportation_hub/msg/detail/road_info__type_support.cpp.o[0m
[ 46%] [32m[1mLinking CXX shared library libtransportation_hub__rosidl_typesupport_c.so[0m
[ 48%] [32mBuilding C object CMakeFiles/transportation_hub__rosidl_typesupport_introspection_c.dir/rosidl_typesupport_introspection_c/transportation_hub/msg/detail/road_info__type_support.c.o[0m
[ 51%] [32mBuilding C object CMakeFiles/transportation_hub__rosidl_typesupport_introspection_c.dir/rosidl_typesupport_introspection_c/transportation_hub/srv/detail/judge__type_support.c.o[0m
[ 53%] [32mBuilding C object CMakeFiles/transportation_hub__rosidl_typesupport_introspection_c.dir/rosidl_typesupport_introspection_c/transportation_hub/msg/detail/overall_info__type_support.c.o[0m
[ 55%] [32mBuilding CXX object CMakeFiles/transportation_hub__rosidl_typesupport_fastrtps_c.dir/rosidl_typesupport_fastrtps_c/transportation_hub/msg/detail/road_info__type_support_c.cpp.o[0m
[ 57%] [32mBuilding CXX object CMakeFiles/transportation_hub__rosidl_typesupport_fastrtps_c.dir/rosidl_typesupport_fastrtps_c/transportation_hub/srv/detail/judge__type_support_c.cpp.o[0m
[ 59%] [32mBuilding CXX object CMakeFiles/transportation_hub__rosidl_typesupport_fastrtps_c.dir/rosidl_typesupport_fastrtps_c/transportation_hub/msg/detail/overall_info__type_support_c.cpp.o[0m
[ 61%] [32m[1mLinking C shared library libtransportation_hub__rosidl_typesupport_introspection_c.so[0m
[ 61%] Built target transportation_hub__rosidl_typesupport_c
[ 63%] [32mBuilding CXX object CMakeFiles/transportation_hub__rosidl_typesupport_fastrtps_cpp.dir/rosidl_typesupport_fastrtps_cpp/transportation_hub/srv/detail/dds_fastrtps/judge__type_support.cpp.o[0m
[ 65%] [32mBuilding CXX object CMakeFiles/transportation_hub__rosidl_typesupport_fastrtps_cpp.dir/rosidl_typesupport_fastrtps_cpp/transportation_hub/msg/detail/dds_fastrtps/overall_info__type_support.cpp.o[0m
[ 67%] [32mBuilding CXX object CMakeFiles/transportation_hub__rosidl_typesupport_fastrtps_cpp.dir/rosidl_typesupport_fastrtps_cpp/transportation_hub/msg/detail/dds_fastrtps/road_info__type_support.cpp.o[0m
[ 67%] Built target transportation_hub__rosidl_typesupport_introspection_c
[ 69%] [32m[1mLinking CXX shared library libtransportation_hub__rosidl_typesupport_fastrtps_c.so[0m
[ 71%] [32m[1mLinking CXX shared library libtransportation_hub__rosidl_typesupport_cpp.so[0m
[ 71%] Built target transportation_hub__rosidl_typesupport_cpp
[ 71%] Built target transportation_hub__rosidl_typesupport_fastrtps_c
[ 73%] [32m[1mLinking CXX shared library libtransportation_hub__rosidl_typesupport_introspection_cpp.so[0m
[ 75%] [32m[1mLinking CXX shared library libtransportation_hub__rosidl_typesupport_fastrtps_cpp.so[0m
[ 75%] Built target transportation_hub__rosidl_typesupport_introspection_cpp
[ 75%] Built target transportation_hub__rosidl_typesupport_fastrtps_cpp
