[0.061s] DEBUG:colcon:Command line arguments: ['/usr/bin/colcon', 'build']
[0.061s] DEBUG:colcon:Parsed command line arguments: Namespace(log_base=None, log_level=None, verb_name='build', build_base='build', install_base='install', merge_install=False, symlink_install=False, test_result_base=None, continue_on_error=False, executor='parallel', parallel_workers=24, event_handlers=None, ignore_user_meta=False, metas=['./colcon.meta'], base_paths=['.'], packages_ignore=None, packages_ignore_regex=None, paths=None, packages_up_to=None, packages_up_to_regex=None, packages_above=None, packages_above_and_dependencies=None, packages_above_depth=None, packages_select_by_dep=None, packages_skip_by_dep=None, packages_skip_up_to=None, packages_select_build_failed=False, packages_skip_build_finished=False, packages_select_test_failures=False, packages_skip_test_passed=False, packages_select=None, packages_skip=None, packages_select_regex=None, packages_skip_regex=None, packages_start=None, packages_end=None, allow_overriding=[], cmake_args=None, cmake_target=None, cmake_target_skip_unavailable=False, cmake_clean_cache=False, cmake_clean_first=False, cmake_force_configure=False, ament_cmake_args=None, catkin_cmake_args=None, catkin_skip_building_tests=False, verb_parser=<colcon_defaults.argument_parser.defaults.DefaultArgumentsDecorator object at 0x7fb1710eebc0>, verb_extension=<colcon_core.verb.build.BuildVerb object at 0x7fb1712340d0>, main=<bound method BuildVerb.main of <colcon_core.verb.build.BuildVerb object at 0x7fb1712340d0>>)
[0.147s] Level 1:colcon.colcon_core.package_discovery:discover_packages(colcon_meta) check parameters
[0.147s] Level 1:colcon.colcon_core.package_discovery:discover_packages(recursive) check parameters
[0.147s] Level 1:colcon.colcon_core.package_discovery:discover_packages(ignore) check parameters
[0.147s] Level 1:colcon.colcon_core.package_discovery:discover_packages(path) check parameters
[0.147s] Level 1:colcon.colcon_core.package_discovery:discover_packages(colcon_meta) discover
[0.147s] Level 1:colcon.colcon_core.package_discovery:discover_packages(recursive) discover
[0.147s] INFO:colcon.colcon_core.package_discovery:Crawling recursively for packages in '/home/sfx233/rm1/src/transportation_hub'
[0.147s] Level 1:colcon.colcon_core.package_identification:_identify(.) by extensions ['ignore', 'ignore_ament_install']
[0.147s] Level 1:colcon.colcon_core.package_identification:_identify(.) by extension 'ignore'
[0.147s] Level 1:colcon.colcon_core.package_identification:_identify(.) by extension 'ignore_ament_install'
[0.147s] Level 1:colcon.colcon_core.package_identification:_identify(.) by extensions ['colcon_pkg']
[0.147s] Level 1:colcon.colcon_core.package_identification:_identify(.) by extension 'colcon_pkg'
[0.147s] Level 1:colcon.colcon_core.package_identification:_identify(.) by extensions ['colcon_meta']
[0.147s] Level 1:colcon.colcon_core.package_identification:_identify(.) by extension 'colcon_meta'
[0.147s] Level 1:colcon.colcon_core.package_identification:_identify(.) by extensions ['ros']
[0.147s] Level 1:colcon.colcon_core.package_identification:_identify(.) by extension 'ros'
[0.156s] DEBUG:colcon.colcon_core.package_identification:Package '.' with type 'ros.ament_cmake' and name 'transportation_hub'
[0.156s] Level 1:colcon.colcon_core.package_discovery:discover_packages(recursive) using defaults
[0.156s] Level 1:colcon.colcon_core.package_discovery:discover_packages(ignore) discover
[0.156s] Level 1:colcon.colcon_core.package_discovery:discover_packages(ignore) using defaults
[0.156s] Level 1:colcon.colcon_core.package_discovery:discover_packages(path) discover
[0.156s] Level 1:colcon.colcon_core.package_discovery:discover_packages(path) using defaults
[0.168s] Level 1:colcon.colcon_core.package_discovery:discover_packages(prefix_path) check parameters
[0.168s] Level 1:colcon.colcon_core.package_discovery:discover_packages(prefix_path) discover
[0.169s] DEBUG:colcon.colcon_installed_package_information.package_discovery:Found 271 installed packages in /opt/ros/humble
[0.170s] Level 1:colcon.colcon_core.package_discovery:discover_packages(prefix_path) using defaults
[0.197s] Level 5:colcon.colcon_core.verb:set package 'transportation_hub' build argument 'cmake_args' from command line to 'None'
[0.197s] Level 5:colcon.colcon_core.verb:set package 'transportation_hub' build argument 'cmake_target' from command line to 'None'
[0.197s] Level 5:colcon.colcon_core.verb:set package 'transportation_hub' build argument 'cmake_target_skip_unavailable' from command line to 'False'
[0.197s] Level 5:colcon.colcon_core.verb:set package 'transportation_hub' build argument 'cmake_clean_cache' from command line to 'False'
[0.197s] Level 5:colcon.colcon_core.verb:set package 'transportation_hub' build argument 'cmake_clean_first' from command line to 'False'
[0.197s] Level 5:colcon.colcon_core.verb:set package 'transportation_hub' build argument 'cmake_force_configure' from command line to 'False'
[0.197s] Level 5:colcon.colcon_core.verb:set package 'transportation_hub' build argument 'ament_cmake_args' from command line to 'None'
[0.197s] Level 5:colcon.colcon_core.verb:set package 'transportation_hub' build argument 'catkin_cmake_args' from command line to 'None'
[0.197s] Level 5:colcon.colcon_core.verb:set package 'transportation_hub' build argument 'catkin_skip_building_tests' from command line to 'False'
[0.197s] DEBUG:colcon.colcon_core.verb:Building package 'transportation_hub' with the following arguments: {'ament_cmake_args': None, 'build_base': '/home/sfx233/rm1/src/transportation_hub/build/transportation_hub', 'catkin_cmake_args': None, 'catkin_skip_building_tests': False, 'cmake_args': None, 'cmake_clean_cache': False, 'cmake_clean_first': False, 'cmake_force_configure': False, 'cmake_target': None, 'cmake_target_skip_unavailable': False, 'install_base': '/home/sfx233/rm1/src/transportation_hub/install/transportation_hub', 'merge_install': False, 'path': '/home/sfx233/rm1/src/transportation_hub', 'symlink_install': False, 'test_result_base': None}
[0.197s] INFO:colcon.colcon_core.executor:Executing jobs using 'parallel' executor
[0.198s] DEBUG:colcon.colcon_parallel_executor.executor.parallel:run_until_complete
[0.198s] INFO:colcon.colcon_ros.task.ament_cmake.build:Building ROS package in '/home/sfx233/rm1/src/transportation_hub' with build type 'ament_cmake'
[0.198s] INFO:colcon.colcon_cmake.task.cmake.build:Building CMake package in '/home/sfx233/rm1/src/transportation_hub'
[0.199s] INFO:colcon.colcon_core.plugin_system:Skipping extension 'colcon_core.shell.bat': Not used on non-Windows systems
[0.199s] INFO:colcon.colcon_core.shell:Skip shell extension 'powershell' for command environment: Not usable outside of PowerShell
[0.199s] DEBUG:colcon.colcon_core.shell:Skip shell extension 'dsv' for command environment
[0.206s] DEBUG:colcon.colcon_core.event_handler.log_command:Invoking command in '/home/sfx233/rm1/src/transportation_hub/build/transportation_hub': CMAKE_PREFIX_PATH=/opt/ros/humble /usr/bin/cmake /home/sfx233/rm1/src/transportation_hub -DCMAKE_INSTALL_PREFIX=/home/sfx233/rm1/src/transportation_hub/install/transportation_hub
[0.486s] DEBUG:colcon.colcon_core.event_handler.log_command:Invoked command in '/home/sfx233/rm1/src/transportation_hub/build/transportation_hub' returned '1': CMAKE_PREFIX_PATH=/opt/ros/humble /usr/bin/cmake /home/sfx233/rm1/src/transportation_hub -DCMAKE_INSTALL_PREFIX=/home/sfx233/rm1/src/transportation_hub/install/transportation_hub
[0.487s] Level 1:colcon.colcon_core.environment:create_environment_scripts_only(transportation_hub)
[0.488s] Level 1:colcon.colcon_core.environment:checking '/home/sfx233/rm1/src/transportation_hub/install/transportation_hub' for CMake module files
[0.488s] Level 1:colcon.colcon_core.environment:checking '/home/sfx233/rm1/src/transportation_hub/install/transportation_hub' for CMake config files
[0.489s] Level 1:colcon.colcon_core.environment:checking '/home/sfx233/rm1/src/transportation_hub/install/transportation_hub/bin'
[0.489s] Level 1:colcon.colcon_core.environment:checking '/home/sfx233/rm1/src/transportation_hub/install/transportation_hub/lib/pkgconfig/transportation_hub.pc'
[0.489s] Level 1:colcon.colcon_core.environment:checking '/home/sfx233/rm1/src/transportation_hub/install/transportation_hub/lib/python3.10/site-packages'
[0.489s] Level 1:colcon.colcon_core.environment:checking '/home/sfx233/rm1/src/transportation_hub/install/transportation_hub/bin'
[0.489s] INFO:colcon.colcon_core.shell:Creating package script '/home/sfx233/rm1/src/transportation_hub/install/transportation_hub/share/transportation_hub/package.ps1'
[0.490s] INFO:colcon.colcon_core.shell:Creating package descriptor '/home/sfx233/rm1/src/transportation_hub/install/transportation_hub/share/transportation_hub/package.dsv'
[0.490s] INFO:colcon.colcon_core.shell:Creating package script '/home/sfx233/rm1/src/transportation_hub/install/transportation_hub/share/transportation_hub/package.sh'
[0.490s] INFO:colcon.colcon_core.shell:Creating package script '/home/sfx233/rm1/src/transportation_hub/install/transportation_hub/share/transportation_hub/package.bash'
[0.491s] INFO:colcon.colcon_core.shell:Creating package script '/home/sfx233/rm1/src/transportation_hub/install/transportation_hub/share/transportation_hub/package.zsh'
[0.491s] Level 1:colcon.colcon_core.environment:create_file_with_runtime_dependencies(/home/sfx233/rm1/src/transportation_hub/install/transportation_hub/share/colcon-core/packages/transportation_hub)
[0.501s] DEBUG:colcon.colcon_parallel_executor.executor.parallel:closing loop
[0.502s] DEBUG:colcon.colcon_parallel_executor.executor.parallel:loop closed
[0.502s] DEBUG:colcon.colcon_parallel_executor.executor.parallel:run_until_complete finished with '1'
[0.502s] DEBUG:colcon.colcon_core.event_reactor:joining thread
[0.509s] INFO:colcon.colcon_core.plugin_system:Skipping extension 'colcon_notification.desktop_notification.terminal_notifier': Not used on non-Darwin systems
[0.509s] INFO:colcon.colcon_core.plugin_system:Skipping extension 'colcon_notification.desktop_notification.win32': Not used on non-Windows systems
[0.509s] INFO:colcon.colcon_notification.desktop_notification:Sending desktop notification using 'notify2'
[0.523s] DEBUG:colcon.colcon_core.event_reactor:joined thread
[0.524s] INFO:colcon.colcon_core.shell:Creating prefix script '/home/sfx233/rm1/src/transportation_hub/install/local_setup.ps1'
[0.525s] INFO:colcon.colcon_core.shell:Creating prefix util module '/home/sfx233/rm1/src/transportation_hub/install/_local_setup_util_ps1.py'
[0.526s] INFO:colcon.colcon_core.shell:Creating prefix chain script '/home/sfx233/rm1/src/transportation_hub/install/setup.ps1'
[0.527s] INFO:colcon.colcon_core.shell:Creating prefix script '/home/sfx233/rm1/src/transportation_hub/install/local_setup.sh'
[0.527s] INFO:colcon.colcon_core.shell:Creating prefix util module '/home/sfx233/rm1/src/transportation_hub/install/_local_setup_util_sh.py'
[0.528s] INFO:colcon.colcon_core.shell:Creating prefix chain script '/home/sfx233/rm1/src/transportation_hub/install/setup.sh'
[0.528s] INFO:colcon.colcon_core.shell:Creating prefix script '/home/sfx233/rm1/src/transportation_hub/install/local_setup.bash'
[0.529s] INFO:colcon.colcon_core.shell:Creating prefix chain script '/home/sfx233/rm1/src/transportation_hub/install/setup.bash'
[0.529s] INFO:colcon.colcon_core.shell:Creating prefix script '/home/sfx233/rm1/src/transportation_hub/install/local_setup.zsh'
[0.529s] INFO:colcon.colcon_core.shell:Creating prefix chain script '/home/sfx233/rm1/src/transportation_hub/install/setup.zsh'
