[0.007s] Invoking command in '/home/sfx233/rm1/src/transportation_hub/build/transportation_hub': CMAKE_PREFIX_PATH=/opt/ros/humble /usr/bin/cmake /home/sfx233/rm1/src/transportation_hub -DAMENT_CMAKE_SYMLINK_INSTALL=1 -DCMAKE_INSTALL_PREFIX=/home/sfx233/rm1/src/transportation_hub/install/transportation_hub
[0.016s] -- Found ament_cmake: 1.3.11 (/opt/ros/humble/share/ament_cmake/cmake)
[0.102s] -- Override CMake install command with custom implementation using symlinks instead of copying resources
[0.107s] -- Found rclcpp: 16.0.11 (/opt/ros/humble/share/rclcpp/cmake)
[0.125s] -- Found rosidl_generator_c: 3.1.6 (/opt/ros/humble/share/rosidl_generator_c/cmake)
[0.126s] -- Found rosidl_adapter: 3.1.6 (/opt/ros/humble/share/rosidl_adapter/cmake)
[0.130s] -- Found rosidl_generator_cpp: 3.1.6 (/opt/ros/humble/share/rosidl_generator_cpp/cmake)
[0.136s] -- Using all available rosidl_typesupport_c: rosidl_typesupport_fastrtps_c;rosidl_typesupport_introspection_c
[0.143s] -- Using all available rosidl_typesupport_cpp: rosidl_typesupport_fastrtps_cpp;rosidl_typesupport_introspection_cpp
[0.163s] -- Found rmw_implementation_cmake: 6.1.2 (/opt/ros/humble/share/rmw_implementation_cmake/cmake)
[0.164s] -- Found rmw_fastrtps_cpp: 6.2.7 (/opt/ros/humble/share/rmw_fastrtps_cpp/cmake)
[0.234s] -- Using RMW implementation 'rmw_fastrtps_cpp' as default
[0.266s] -- Found ament_lint_auto: 0.12.11 (/opt/ros/humble/share/ament_lint_auto/cmake)
[0.327s] -- Added test 'cppcheck' to perform static code analysis on C / C++ code
[0.327s] -- Configured cppcheck include dirs: 
[0.327s] -- Configured cppcheck exclude dirs and/or files: 
[0.328s] -- Added test 'flake8' to check Python code syntax and style conventions
[0.329s] -- Added test 'lint_cmake' to check CMake code style
[0.330s] -- Added test 'pep257' to check Python code against some of the docstring style conventions in PEP 257
[0.334s] -- Added test 'uncrustify' to check C / C++ code style
[0.334s] -- Configured uncrustify additional arguments: 
[0.334s] -- Added test 'xmllint' to check XML markup files
[0.337s] -- Found rosidl_default_generators: 1.2.0 (/opt/ros/humble/share/rosidl_default_generators/cmake)
[0.343s] [31mCMake Error at /opt/ros/humble/share/rosidl_cmake/cmake/rosidl_generate_interfaces.cmake:64 (message):
[0.343s]   rosidl_generate_interfaces() must be called before ament_package()
[0.343s] Call Stack (most recent call first):
[0.343s]   CMakeLists.txt:27 (rosidl_generate_interfaces)
[0.343s] 
[0.343s] [0m
[0.343s] -- Configuring incomplete, errors occurred!
[0.343s] See also "/home/sfx233/rm1/src/transportation_hub/build/transportation_hub/CMakeFiles/CMakeOutput.log".
[0.349s] Invoked command in '/home/sfx233/rm1/src/transportation_hub/build/transportation_hub' returned '1': CMAKE_PREFIX_PATH=/opt/ros/humble /usr/bin/cmake /home/sfx233/rm1/src/transportation_hub -DAMENT_CMAKE_SYMLINK_INSTALL=1 -DCMAKE_INSTALL_PREFIX=/home/sfx233/rm1/src/transportation_hub/install/transportation_hub
