[0.061s] DEBUG:colcon:Command line arguments: ['/usr/bin/colcon', 'build']
[0.061s] DEBUG:colcon:Parsed command line arguments: Namespace(log_base=None, log_level=None, verb_name='build', build_base='build', install_base='install', merge_install=False, symlink_install=False, test_result_base=None, continue_on_error=False, executor='parallel', parallel_workers=24, event_handlers=None, ignore_user_meta=False, metas=['./colcon.meta'], base_paths=['.'], packages_ignore=None, packages_ignore_regex=None, paths=None, packages_up_to=None, packages_up_to_regex=None, packages_above=None, packages_above_and_dependencies=None, packages_above_depth=None, packages_select_by_dep=None, packages_skip_by_dep=None, packages_skip_up_to=None, packages_select_build_failed=False, packages_skip_build_finished=False, packages_select_test_failures=False, packages_skip_test_passed=False, packages_select=None, packages_skip=None, packages_select_regex=None, packages_skip_regex=None, packages_start=None, packages_end=None, allow_overriding=[], cmake_args=None, cmake_target=None, cmake_target_skip_unavailable=False, cmake_clean_cache=False, cmake_clean_first=False, cmake_force_configure=False, ament_cmake_args=None, catkin_cmake_args=None, catkin_skip_building_tests=False, verb_parser=<colcon_defaults.argument_parser.defaults.DefaultArgumentsDecorator object at 0x7a9debbe2bc0>, verb_extension=<colcon_core.verb.build.BuildVerb object at 0x7a9debd280d0>, main=<bound method BuildVerb.main of <colcon_core.verb.build.BuildVerb object at 0x7a9debd280d0>>)
[0.146s] Level 1:colcon.colcon_core.package_discovery:discover_packages(colcon_meta) check parameters
[0.146s] Level 1:colcon.colcon_core.package_discovery:discover_packages(recursive) check parameters
[0.146s] Level 1:colcon.colcon_core.package_discovery:discover_packages(ignore) check parameters
[0.146s] Level 1:colcon.colcon_core.package_discovery:discover_packages(path) check parameters
[0.146s] Level 1:colcon.colcon_core.package_discovery:discover_packages(colcon_meta) discover
[0.146s] Level 1:colcon.colcon_core.package_discovery:discover_packages(recursive) discover
[0.146s] INFO:colcon.colcon_core.package_discovery:Crawling recursively for packages in '/home/sfx233/rm1/src/interfaces'
[0.147s] Level 1:colcon.colcon_core.package_identification:_identify(.) by extensions ['ignore', 'ignore_ament_install']
[0.147s] Level 1:colcon.colcon_core.package_identification:_identify(.) by extension 'ignore'
[0.147s] Level 1:colcon.colcon_core.package_identification:_identify(.) by extension 'ignore_ament_install'
[0.147s] Level 1:colcon.colcon_core.package_identification:_identify(.) by extensions ['colcon_pkg']
[0.147s] Level 1:colcon.colcon_core.package_identification:_identify(.) by extension 'colcon_pkg'
[0.147s] Level 1:colcon.colcon_core.package_identification:_identify(.) by extensions ['colcon_meta']
[0.147s] Level 1:colcon.colcon_core.package_identification:_identify(.) by extension 'colcon_meta'
[0.147s] Level 1:colcon.colcon_core.package_identification:_identify(.) by extensions ['ros']
[0.147s] Level 1:colcon.colcon_core.package_identification:_identify(.) by extension 'ros'
[0.155s] DEBUG:colcon.colcon_core.package_identification:Package '.' with type 'ros.catkin' and name 'interfaces'
[0.155s] Level 1:colcon.colcon_core.package_discovery:discover_packages(recursive) using defaults
[0.156s] Level 1:colcon.colcon_core.package_discovery:discover_packages(ignore) discover
[0.156s] Level 1:colcon.colcon_core.package_discovery:discover_packages(ignore) using defaults
[0.156s] Level 1:colcon.colcon_core.package_discovery:discover_packages(path) discover
[0.156s] Level 1:colcon.colcon_core.package_discovery:discover_packages(path) using defaults
[0.168s] Level 1:colcon.colcon_core.package_discovery:discover_packages(prefix_path) check parameters
[0.168s] Level 1:colcon.colcon_core.package_discovery:discover_packages(prefix_path) discover
[0.169s] DEBUG:colcon.colcon_installed_package_information.package_discovery:Found 271 installed packages in /opt/ros/humble
[0.170s] Level 1:colcon.colcon_core.package_discovery:discover_packages(prefix_path) using defaults
[0.196s] Level 5:colcon.colcon_core.verb:set package 'interfaces' build argument 'cmake_args' from command line to 'None'
[0.196s] Level 5:colcon.colcon_core.verb:set package 'interfaces' build argument 'cmake_target' from command line to 'None'
[0.196s] Level 5:colcon.colcon_core.verb:set package 'interfaces' build argument 'cmake_target_skip_unavailable' from command line to 'False'
[0.196s] Level 5:colcon.colcon_core.verb:set package 'interfaces' build argument 'cmake_clean_cache' from command line to 'False'
[0.196s] Level 5:colcon.colcon_core.verb:set package 'interfaces' build argument 'cmake_clean_first' from command line to 'False'
[0.196s] Level 5:colcon.colcon_core.verb:set package 'interfaces' build argument 'cmake_force_configure' from command line to 'False'
[0.196s] Level 5:colcon.colcon_core.verb:set package 'interfaces' build argument 'ament_cmake_args' from command line to 'None'
[0.196s] Level 5:colcon.colcon_core.verb:set package 'interfaces' build argument 'catkin_cmake_args' from command line to 'None'
[0.196s] Level 5:colcon.colcon_core.verb:set package 'interfaces' build argument 'catkin_skip_building_tests' from command line to 'False'
[0.196s] DEBUG:colcon.colcon_core.verb:Building package 'interfaces' with the following arguments: {'ament_cmake_args': None, 'build_base': '/home/sfx233/rm1/src/interfaces/build/interfaces', 'catkin_cmake_args': None, 'catkin_skip_building_tests': False, 'cmake_args': None, 'cmake_clean_cache': False, 'cmake_clean_first': False, 'cmake_force_configure': False, 'cmake_target': None, 'cmake_target_skip_unavailable': False, 'install_base': '/home/sfx233/rm1/src/interfaces/install/interfaces', 'merge_install': False, 'path': '/home/sfx233/rm1/src/interfaces', 'symlink_install': False, 'test_result_base': None}
[0.196s] INFO:colcon.colcon_core.executor:Executing jobs using 'parallel' executor
[0.197s] DEBUG:colcon.colcon_parallel_executor.executor.parallel:run_until_complete
[0.197s] INFO:colcon.colcon_ros.task.catkin.build:Building ROS package in '/home/sfx233/rm1/src/interfaces' with build type 'catkin'
[0.197s] INFO:colcon.colcon_cmake.task.cmake.build:Building CMake package in '/home/sfx233/rm1/src/interfaces'
[0.198s] INFO:colcon.colcon_core.plugin_system:Skipping extension 'colcon_core.shell.bat': Not used on non-Windows systems
[0.199s] INFO:colcon.colcon_core.shell:Skip shell extension 'powershell' for command environment: Not usable outside of PowerShell
[0.199s] DEBUG:colcon.colcon_core.shell:Skip shell extension 'dsv' for command environment
[0.204s] DEBUG:colcon.colcon_core.event_handler.log_command:Invoking command in '/home/sfx233/rm1/src/interfaces/build/interfaces': /usr/bin/cmake /home/sfx233/rm1/src/interfaces -DCATKIN_INSTALL_INTO_PREFIX_ROOT=0 -DCMAKE_INSTALL_PREFIX=/home/sfx233/rm1/src/interfaces/install/interfaces
[1.389s] DEBUG:colcon.colcon_core.event_handler.log_command:Invoked command in '/home/sfx233/rm1/src/interfaces/build/interfaces' returned '0': /usr/bin/cmake /home/sfx233/rm1/src/interfaces -DCATKIN_INSTALL_INTO_PREFIX_ROOT=0 -DCMAKE_INSTALL_PREFIX=/home/sfx233/rm1/src/interfaces/install/interfaces
[1.389s] DEBUG:colcon.colcon_core.event_handler.log_command:Invoking command in '/home/sfx233/rm1/src/interfaces/build/interfaces': /usr/bin/cmake --build /home/sfx233/rm1/src/interfaces/build/interfaces -- -j24 -l24
[2.809s] DEBUG:colcon.colcon_core.event_handler.log_command:Invoked command in '/home/sfx233/rm1/src/interfaces/build/interfaces' returned '0': /usr/bin/cmake --build /home/sfx233/rm1/src/interfaces/build/interfaces -- -j24 -l24
[2.818s] DEBUG:colcon.colcon_core.event_handler.log_command:Invoking command in '/home/sfx233/rm1/src/interfaces/build/interfaces': /usr/bin/cmake --install /home/sfx233/rm1/src/interfaces/build/interfaces
[2.872s] DEBUG:colcon.colcon_core.event_handler.log_command:Invoked command in '/home/sfx233/rm1/src/interfaces/build/interfaces' returned '0': /usr/bin/cmake --install /home/sfx233/rm1/src/interfaces/build/interfaces
[2.873s] Level 1:colcon.colcon_core.shell:create_environment_hook('interfaces', 'ros_package_path')
[2.873s] INFO:colcon.colcon_core.shell:Creating environment hook '/home/sfx233/rm1/src/interfaces/install/interfaces/share/interfaces/hook/ros_package_path.ps1'
[2.873s] INFO:colcon.colcon_core.shell:Creating environment descriptor '/home/sfx233/rm1/src/interfaces/install/interfaces/share/interfaces/hook/ros_package_path.dsv'
[2.873s] INFO:colcon.colcon_core.shell:Creating environment hook '/home/sfx233/rm1/src/interfaces/install/interfaces/share/interfaces/hook/ros_package_path.sh'
[2.874s] Level 1:colcon.colcon_ros.task.catkin:checking '/home/sfx233/rm1/src/interfaces/install/interfaces/local/lib/python3.10/dist-packages'
[2.874s] Level 1:colcon.colcon_core.shell:create_environment_hook('interfaces', 'catkin_pythonpath')
[2.874s] INFO:colcon.colcon_core.shell:Creating environment hook '/home/sfx233/rm1/src/interfaces/install/interfaces/share/interfaces/hook/catkin_pythonpath.ps1'
[2.874s] INFO:colcon.colcon_core.shell:Creating environment descriptor '/home/sfx233/rm1/src/interfaces/install/interfaces/share/interfaces/hook/catkin_pythonpath.dsv'
[2.874s] INFO:colcon.colcon_core.shell:Creating environment hook '/home/sfx233/rm1/src/interfaces/install/interfaces/share/interfaces/hook/catkin_pythonpath.sh'
[2.874s] Level 1:colcon.colcon_core.shell:create_environment_hook('interfaces', 'pkg_config_path')
[2.875s] INFO:colcon.colcon_core.shell:Creating environment hook '/home/sfx233/rm1/src/interfaces/install/interfaces/share/interfaces/hook/pkg_config_path.ps1'
[2.875s] INFO:colcon.colcon_core.shell:Creating environment descriptor '/home/sfx233/rm1/src/interfaces/install/interfaces/share/interfaces/hook/pkg_config_path.dsv'
[2.875s] INFO:colcon.colcon_core.shell:Creating environment hook '/home/sfx233/rm1/src/interfaces/install/interfaces/share/interfaces/hook/pkg_config_path.sh'
[2.876s] Level 1:colcon.colcon_core.shell:create_environment_hook('interfaces', 'pkg_config_path_multiarch')
[2.876s] INFO:colcon.colcon_core.shell:Creating environment hook '/home/sfx233/rm1/src/interfaces/install/interfaces/share/interfaces/hook/pkg_config_path_multiarch.ps1'
[2.877s] INFO:colcon.colcon_core.shell:Creating environment descriptor '/home/sfx233/rm1/src/interfaces/install/interfaces/share/interfaces/hook/pkg_config_path_multiarch.dsv'
[2.877s] INFO:colcon.colcon_core.shell:Creating environment hook '/home/sfx233/rm1/src/interfaces/install/interfaces/share/interfaces/hook/pkg_config_path_multiarch.sh'
[2.878s] Level 1:colcon.colcon_core.environment:create_environment_scripts_only(interfaces)
[2.880s] Level 1:colcon.colcon_core.environment:checking '/home/sfx233/rm1/src/interfaces/install/interfaces' for CMake module files
[2.881s] Level 1:colcon.colcon_core.environment:checking '/home/sfx233/rm1/src/interfaces/install/interfaces' for CMake config files
[2.881s] Level 1:colcon.colcon_core.shell:create_environment_hook('interfaces', 'cmake_prefix_path')
[2.881s] INFO:colcon.colcon_core.shell:Creating environment hook '/home/sfx233/rm1/src/interfaces/install/interfaces/share/interfaces/hook/cmake_prefix_path.ps1'
[2.882s] INFO:colcon.colcon_core.shell:Creating environment descriptor '/home/sfx233/rm1/src/interfaces/install/interfaces/share/interfaces/hook/cmake_prefix_path.dsv'
[2.882s] INFO:colcon.colcon_core.shell:Creating environment hook '/home/sfx233/rm1/src/interfaces/install/interfaces/share/interfaces/hook/cmake_prefix_path.sh'
[2.883s] Level 1:colcon.colcon_core.environment:checking '/home/sfx233/rm1/src/interfaces/install/interfaces/lib'
[2.883s] Level 1:colcon.colcon_core.shell:create_environment_hook('interfaces', 'ld_library_path_lib')
[2.883s] INFO:colcon.colcon_core.shell:Creating environment hook '/home/sfx233/rm1/src/interfaces/install/interfaces/share/interfaces/hook/ld_library_path_lib.ps1'
[2.883s] INFO:colcon.colcon_core.shell:Creating environment descriptor '/home/sfx233/rm1/src/interfaces/install/interfaces/share/interfaces/hook/ld_library_path_lib.dsv'
[2.884s] INFO:colcon.colcon_core.shell:Creating environment hook '/home/sfx233/rm1/src/interfaces/install/interfaces/share/interfaces/hook/ld_library_path_lib.sh'
[2.884s] Level 1:colcon.colcon_core.environment:checking '/home/sfx233/rm1/src/interfaces/install/interfaces/bin'
[2.884s] Level 1:colcon.colcon_core.environment:checking '/home/sfx233/rm1/src/interfaces/install/interfaces/lib/pkgconfig/interfaces.pc'
[2.884s] Level 1:colcon.colcon_core.environment:checking '/home/sfx233/rm1/src/interfaces/install/interfaces/lib/python3.10/site-packages'
[2.885s] Level 1:colcon.colcon_core.environment:checking '/home/sfx233/rm1/src/interfaces/install/interfaces/bin'
[2.885s] INFO:colcon.colcon_core.shell:Creating package script '/home/sfx233/rm1/src/interfaces/install/interfaces/share/interfaces/package.ps1'
[2.887s] INFO:colcon.colcon_core.shell:Creating package descriptor '/home/sfx233/rm1/src/interfaces/install/interfaces/share/interfaces/package.dsv'
[2.888s] INFO:colcon.colcon_core.shell:Creating package script '/home/sfx233/rm1/src/interfaces/install/interfaces/share/interfaces/package.sh'
[2.889s] INFO:colcon.colcon_core.shell:Creating package script '/home/sfx233/rm1/src/interfaces/install/interfaces/share/interfaces/package.bash'
[2.889s] INFO:colcon.colcon_core.shell:Creating package script '/home/sfx233/rm1/src/interfaces/install/interfaces/share/interfaces/package.zsh'
[2.890s] Level 1:colcon.colcon_core.environment:create_file_with_runtime_dependencies(/home/sfx233/rm1/src/interfaces/install/interfaces/share/colcon-core/packages/interfaces)
[2.891s] DEBUG:colcon.colcon_parallel_executor.executor.parallel:closing loop
[2.891s] DEBUG:colcon.colcon_parallel_executor.executor.parallel:loop closed
[2.891s] DEBUG:colcon.colcon_parallel_executor.executor.parallel:run_until_complete finished with '0'
[2.891s] DEBUG:colcon.colcon_core.event_reactor:joining thread
[2.894s] INFO:colcon.colcon_core.plugin_system:Skipping extension 'colcon_notification.desktop_notification.terminal_notifier': Not used on non-Darwin systems
[2.894s] INFO:colcon.colcon_core.plugin_system:Skipping extension 'colcon_notification.desktop_notification.win32': Not used on non-Windows systems
[2.894s] INFO:colcon.colcon_notification.desktop_notification:Sending desktop notification using 'notify2'
[2.907s] DEBUG:colcon.colcon_core.event_reactor:joined thread
[2.907s] INFO:colcon.colcon_core.shell:Creating prefix script '/home/sfx233/rm1/src/interfaces/install/local_setup.ps1'
[2.908s] INFO:colcon.colcon_core.shell:Creating prefix util module '/home/sfx233/rm1/src/interfaces/install/_local_setup_util_ps1.py'
[2.910s] INFO:colcon.colcon_core.shell:Creating prefix chain script '/home/sfx233/rm1/src/interfaces/install/setup.ps1'
[2.910s] INFO:colcon.colcon_core.shell:Creating prefix script '/home/sfx233/rm1/src/interfaces/install/local_setup.sh'
[2.911s] INFO:colcon.colcon_core.shell:Creating prefix util module '/home/sfx233/rm1/src/interfaces/install/_local_setup_util_sh.py'
[2.911s] INFO:colcon.colcon_core.shell:Creating prefix chain script '/home/sfx233/rm1/src/interfaces/install/setup.sh'
[2.912s] INFO:colcon.colcon_core.shell:Creating prefix script '/home/sfx233/rm1/src/interfaces/install/local_setup.bash'
[2.913s] INFO:colcon.colcon_core.shell:Creating prefix chain script '/home/sfx233/rm1/src/interfaces/install/setup.bash'
[2.914s] INFO:colcon.colcon_core.shell:Creating prefix script '/home/sfx233/rm1/src/interfaces/install/local_setup.zsh'
[2.914s] INFO:colcon.colcon_core.shell:Creating prefix chain script '/home/sfx233/rm1/src/interfaces/install/setup.zsh'
