-- Found ament_cmake: 1.3.11 (/opt/ros/humble/share/ament_cmake/cmake)
-- Override CMake install command with custom implementation using symlinks instead of copying resources
-- Found rclcpp: 16.0.11 (/opt/ros/humble/share/rclcpp/cmake)
-- Found rosidl_generator_c: 3.1.6 (/opt/ros/humble/share/rosidl_generator_c/cmake)
-- Found rosidl_adapter: 3.1.6 (/opt/ros/humble/share/rosidl_adapter/cmake)
-- Found rosidl_generator_cpp: 3.1.6 (/opt/ros/humble/share/rosidl_generator_cpp/cmake)
-- Using all available rosidl_typesupport_c: rosidl_typesupport_fastrtps_c;rosidl_typesupport_introspection_c
-- Using all available rosidl_typesupport_cpp: rosidl_typesupport_fastrtps_cpp;rosidl_typesupport_introspection_cpp
-- Found rmw_implementation_cmake: 6.1.2 (/opt/ros/humble/share/rmw_implementation_cmake/cmake)
-- Found rmw_fastrtps_cpp: 6.2.7 (/opt/ros/humble/share/rmw_fastrtps_cpp/cmake)
-- Using RMW implementation 'rmw_fastrtps_cpp' as default
-- Found rosidl_default_generators: 1.2.0 (/opt/ros/humble/share/rosidl_default_generators/cmake)
-- Found ament_cmake_ros: 0.10.0 (/opt/ros/humble/share/ament_cmake_ros/cmake)
-- Using all available rosidl_typesupport_c: rosidl_typesupport_fastrtps_c;rosidl_typesupport_introspection_c
-- Using all available rosidl_typesupport_cpp: rosidl_typesupport_fastrtps_cpp;rosidl_typesupport_introspection_cpp
-- Found PythonInterp: /usr/bin/python3 (found suitable version "3.10.12", minimum required is "3.6") 
-- Found python_cmake_module: 0.10.0 (/opt/ros/humble/share/python_cmake_module/cmake)
-- Found PythonLibs: /usr/lib/x86_64-linux-gnu/libpython3.10.so (found suitable version "3.10.12", minimum required is "3.5") 
-- Using PYTHON_EXECUTABLE: /usr/bin/python3
-- Using PYTHON_INCLUDE_DIRS: /usr/include/python3.10
-- Using PYTHON_LIBRARIES: /usr/lib/x86_64-linux-gnu/libpython3.10.so
-- Found PythonExtra: .so  
-- Configuring done
-- Generating done
-- Build files have been written to: /home/sfx233/rm1/src/transportation_hub/build/transportation_hub
[  2%] [34m[1mGenerating C code for ROS interfaces[0m
[  6%] [34m[1mGenerating C++ code for ROS interfaces[0m
[  6%] [32mBuilding CXX object CMakeFiles/transportation_hub_node.dir/src/transportation_hub_node.cpp.o[0m
[  6%] Built target ament_cmake_python_symlink_transportation_hub
running egg_info
creating transportation_hub.egg-info
writing transportation_hub.egg-info/PKG-INFO
writing dependency_links to transportation_hub.egg-info/dependency_links.txt
writing top-level names to transportation_hub.egg-info/top_level.txt
writing manifest file 'transportation_hub.egg-info/SOURCES.txt'
reading manifest file 'transportation_hub.egg-info/SOURCES.txt'
writing manifest file 'transportation_hub.egg-info/SOURCES.txt'
[  6%] Built target ament_cmake_python_build_transportation_hub_egg
[  8%] [32mBuilding C object CMakeFiles/transportation_hub__rosidl_generator_c.dir/rosidl_generator_c/transportation_hub/msg/detail/overall_info__functions.c.o[0m
[ 10%] [32mBuilding C object CMakeFiles/transportation_hub__rosidl_generator_c.dir/rosidl_generator_c/transportation_hub/msg/detail/road_info__functions.c.o[0m
[ 12%] [32mBuilding C object CMakeFiles/transportation_hub__rosidl_generator_c.dir/rosidl_generator_c/transportation_hub/srv/detail/judge__functions.c.o[0m
[ 12%] Built target transportation_hub__cpp
[ 14%] [32m[1mLinking C shared library libtransportation_hub__rosidl_generator_c.so[0m
[ 14%] Built target transportation_hub__rosidl_generator_c
