[0.006s] Invoking command in '/home/sfx233/rm1/src/transportation_hub/build/transportation_hub': CMAKE_PREFIX_PATH=/opt/ros/humble /usr/bin/cmake /home/sfx233/rm1/src/transportation_hub -DAMENT_CMAKE_SYMLINK_INSTALL=1 -DCMAKE_INSTALL_PREFIX=/home/sfx233/rm1/src/transportation_hub/install/transportation_hub
[0.015s] -- Found ament_cmake: 1.3.11 (/opt/ros/humble/share/ament_cmake/cmake)
[0.106s] -- Override CMake install command with custom implementation using symlinks instead of copying resources
[0.110s] -- Found rclcpp: 16.0.11 (/opt/ros/humble/share/rclcpp/cmake)
[0.127s] -- Found rosidl_generator_c: 3.1.6 (/opt/ros/humble/share/rosidl_generator_c/cmake)
[0.129s] -- Found rosidl_adapter: 3.1.6 (/opt/ros/humble/share/rosidl_adapter/cmake)
[0.132s] -- Found rosidl_generator_cpp: 3.1.6 (/opt/ros/humble/share/rosidl_generator_cpp/cmake)
[0.138s] -- Using all available rosidl_typesupport_c: rosidl_typesupport_fastrtps_c;rosidl_typesupport_introspection_c
[0.146s] -- Using all available rosidl_typesupport_cpp: rosidl_typesupport_fastrtps_cpp;rosidl_typesupport_introspection_cpp
[0.166s] -- Found rmw_implementation_cmake: 6.1.2 (/opt/ros/humble/share/rmw_implementation_cmake/cmake)
[0.167s] -- Found rmw_fastrtps_cpp: 6.2.7 (/opt/ros/humble/share/rmw_fastrtps_cpp/cmake)
[0.246s] -- Using RMW implementation 'rmw_fastrtps_cpp' as default
[0.280s] -- Found rosidl_default_generators: 1.2.0 (/opt/ros/humble/share/rosidl_default_generators/cmake)
[0.460s] -- Found ament_cmake_ros: 0.10.0 (/opt/ros/humble/share/ament_cmake_ros/cmake)
[0.711s] -- Using all available rosidl_typesupport_c: rosidl_typesupport_fastrtps_c;rosidl_typesupport_introspection_c
[0.801s] -- Using all available rosidl_typesupport_cpp: rosidl_typesupport_fastrtps_cpp;rosidl_typesupport_introspection_cpp
[0.823s] -- Found PythonInterp: /usr/bin/python3 (found suitable version "3.10.12", minimum required is "3.6") 
[0.824s] -- Found python_cmake_module: 0.10.0 (/opt/ros/humble/share/python_cmake_module/cmake)
[0.850s] -- Found PythonLibs: /usr/lib/x86_64-linux-gnu/libpython3.10.so (found suitable version "3.10.12", minimum required is "3.5") 
[0.850s] -- Using PYTHON_EXECUTABLE: /usr/bin/python3
[0.851s] -- Using PYTHON_INCLUDE_DIRS: /usr/include/python3.10
[0.851s] -- Using PYTHON_LIBRARIES: /usr/lib/x86_64-linux-gnu/libpython3.10.so
[0.868s] -- Found PythonExtra: .so  
[0.897s] -- Configuring done
[0.918s] -- Generating done
[0.925s] -- Build files have been written to: /home/sfx233/rm1/src/transportation_hub/build/transportation_hub
[0.932s] Invoked command in '/home/sfx233/rm1/src/transportation_hub/build/transportation_hub' returned '0': CMAKE_PREFIX_PATH=/opt/ros/humble /usr/bin/cmake /home/sfx233/rm1/src/transportation_hub -DAMENT_CMAKE_SYMLINK_INSTALL=1 -DCMAKE_INSTALL_PREFIX=/home/sfx233/rm1/src/transportation_hub/install/transportation_hub
[0.932s] Invoking command in '/home/sfx233/rm1/src/transportation_hub/build/transportation_hub': CMAKE_PREFIX_PATH=/opt/ros/humble /usr/bin/cmake --build /home/sfx233/rm1/src/transportation_hub/build/transportation_hub -- -j24 -l24
[0.973s] [  2%] [34m[1mGenerating C code for ROS interfaces[0m
[0.984s] [  6%] [34m[1mGenerating C++ code for ROS interfaces[0m
[0.984s] [  6%] [32mBuilding CXX object CMakeFiles/transportation_hub_node.dir/src/transportation_hub_node.cpp.o[0m
[0.988s] [  6%] Built target ament_cmake_python_symlink_transportation_hub
[1.098s] [01m[K/home/sfx233/rm1/src/transportation_hub/src/transportation_hub_node.cpp:5:10:[m[K [01;31m[Kfatal error: [m[Ktransportation_hub/msg/overall_info.hpp: 没有那个文件或目录
[1.098s]     5 | #include [01;31m[K"transportation_hub/msg/overall_info.hpp"[m[K
[1.098s]       |          [01;31m[K^~~~~~~~~~~~~~~~~~~~~~~~~~~~~~~~~~~~~~~~~[m[K
[1.098s] compilation terminated.
[1.100s] gmake[2]: *** [CMakeFiles/transportation_hub_node.dir/build.make:76：CMakeFiles/transportation_hub_node.dir/src/transportation_hub_node.cpp.o] 错误 1
[1.100s] gmake[1]: *** [CMakeFiles/Makefile2:592：CMakeFiles/transportation_hub_node.dir/all] 错误 2
[1.100s] gmake[1]: *** 正在等待未完成的任务....
[1.133s] running egg_info
[1.134s] creating transportation_hub.egg-info
[1.134s] writing transportation_hub.egg-info/PKG-INFO
[1.134s] writing dependency_links to transportation_hub.egg-info/dependency_links.txt
[1.134s] writing top-level names to transportation_hub.egg-info/top_level.txt
[1.134s] writing manifest file 'transportation_hub.egg-info/SOURCES.txt'
[1.136s] reading manifest file 'transportation_hub.egg-info/SOURCES.txt'
[1.136s] writing manifest file 'transportation_hub.egg-info/SOURCES.txt'
[1.154s] [  6%] Built target ament_cmake_python_build_transportation_hub_egg
[1.206s] [  8%] [32mBuilding C object CMakeFiles/transportation_hub__rosidl_generator_c.dir/rosidl_generator_c/transportation_hub/msg/detail/overall_info__functions.c.o[0m
[1.206s] [ 10%] [32mBuilding C object CMakeFiles/transportation_hub__rosidl_generator_c.dir/rosidl_generator_c/transportation_hub/msg/detail/road_info__functions.c.o[0m
[1.206s] [ 12%] [32mBuilding C object CMakeFiles/transportation_hub__rosidl_generator_c.dir/rosidl_generator_c/transportation_hub/srv/detail/judge__functions.c.o[0m
[1.208s] [ 12%] Built target transportation_hub__cpp
[1.247s] [ 14%] [32m[1mLinking C shared library libtransportation_hub__rosidl_generator_c.so[0m
[1.289s] [ 14%] Built target transportation_hub__rosidl_generator_c
[1.290s] gmake: *** [Makefile:146：all] 错误 2
[1.293s] Invoked command in '/home/sfx233/rm1/src/transportation_hub/build/transportation_hub' returned '2': CMAKE_PREFIX_PATH=/opt/ros/humble /usr/bin/cmake --build /home/sfx233/rm1/src/transportation_hub/build/transportation_hub -- -j24 -l24
